<html>
<head>
<title>TestNG:  Command line test</title>
<link href="../testng.css" rel="stylesheet" type="text/css" />
<link href="../my-testng.css" rel="stylesheet" type="text/css" />

<style type="text/css">
.log { display: none;} 
.stack-trace { display: none;} 
</style>
<script type="text/javascript">
<!--
function flip(e) {
  current = e.style.display;
  if (current == 'block') {
    e.style.display = 'none';
    return 0;
  }
  else {
    e.style.display = 'block';
    return 1;
  }
}

function toggleBox(szDivId, elem, msg1, msg2)
{
  var res = -1;  if (document.getElementById) {
    res = flip(document.getElementById(szDivId));
  }
  else if (document.all) {
    // this is the way old msie versions work
    res = flip(document.all[szDivId]);
  }
  if(elem) {
    if(res == 0) elem.innerHTML = msg1; else elem.innerHTML = msg2;
  }

}

function toggleAllBoxes() {
  if (document.getElementsByTagName) {
    d = document.getElementsByTagName('div');
    for (i = 0; i < d.length; i++) {
      if (d[i].className == 'log') {
        flip(d[i]);
      }
    }
  }
}

// -->
</script>

</head>
<body>
<h2 align='center'>Command line test</h2><table border='1' align="center">
<tr>
<td>Tests passed/Failed/Skipped:</td><td>29/1/1</td>
</tr><tr>
<td>Started on:</td><td>Wed Oct 12 10:20:52 IST 2022</td>
</tr>
<tr><td>Total time:</td><td>298 seconds (298905 ms)</td>
</tr><tr>
<td>Included groups:</td><td></td>
</tr><tr>
<td>Excluded groups:</td><td></td>
</tr>
</table><p/>
<small><i>(Hover the method name to see the test class name)</i></small><p/>
<table width='100%' border='1' class='invocation-failed'>
<tr><td colspan='4' align='center'><b>FAILED TESTS</b></td></tr>
<tr><td><b>Test method</b></td>
<td width="30%"><b>Exception</b></td>
<td width="10%"><b>Time (seconds)</b></td>
<td><b>Instance</b></td>
</tr>
<tr>
<td title='test_Scripts.ReturnPolicyPageTest.returnPolicyPage()'><b>returnPolicyPage</b><br>Test class: test_Scripts.ReturnPolicyPageTest<br>Parameters: rajsagar8050@gmail.com, nopassword</td>
<td><div><pre>org.openqa.selenium.ElementClickInterceptedException: element click intercepted: Element &lt;a href=&quot;/&quot;&gt;...&lt;/a&gt; is not clickable at point (571, 692). Other element would receive the click: &lt;div class=&quot;featuredProducts_cardContainer__oDZ50&quot;&gt;...&lt;/div&gt;
  (Session info: chrome=106.0.5249.103)
Build info: version: &apos;3.141.59&apos;, revision: &apos;e82be7d358&apos;, time: &apos;2018-11-14T08:17:03&apos;
System info: host: &apos;SAGARRAJ&apos;, ip: &apos;10.10.61.200&apos;, os.name: &apos;Windows 11&apos;, os.arch: &apos;amd64&apos;, os.version: &apos;10.0&apos;, java.version: &apos;17.0.2&apos;
Driver info: org.openqa.selenium.chrome.ChromeDriver
Capabilities {acceptInsecureCerts: false, browserName: chrome, browserVersion: 106.0.5249.103, chrome: {chromedriverVersion: 106.0.5249.61 (511755355844..., userDataDir: C:\Users\sagar\AppData\Loca...}, goog:chromeOptions: {debuggerAddress: localhost:63366}, javascriptEnabled: true, networkConnectionEnabled: false, pageLoadStrategy: normal, platform: WINDOWS, platformName: WINDOWS, proxy: Proxy(), setWindowRect: true, strictFileInteractability: false, timeouts: {implicit: 0, pageLoad: 300000, script: 30000}, unhandledPromptBehavior: dismiss and notify, webauthn:extension:credBlob: true, webauthn:extension:largeBlob: true, webauthn:virtualAuthenticators: true}
Session ID: c84faccc387c4cc26b47eac4e3e90b54
	at org.openqa.selenium.remote.http.W3CHttpResponseCodec.createException(W3CHttpResponseCodec.java:187)
	at org.openqa.selenium.remote.http.W3CHttpResponseCodec.decode(W3CHttpResponseCodec.java:122)
	at org.openqa.selenium.remote.http.W3CHttpResponseCodec.decode(W3CHttpResponseCodec.java:49)
	at org.openqa.selenium.remote.HttpCommandExecutor.execute(HttpCommandExecutor.java:158)
	at org.openqa.selenium.remote.service.DriverCommandExecutor.execute(DriverCommandExecutor.java:83)
	at org.openqa.selenium.remote.RemoteWebDriver.execute(RemoteWebDriver.java:552)
	at org.openqa.selenium.remote.RemoteWebElement.execute(RemoteWebElement.java:285)
	at org.openqa.selenium.remote.RemoteWebElement.click(RemoteWebElement.java:84)
	at org.openqa.selenium.support.pagefactory.internal.LocatingElementHandler.invoke(LocatingElementHandler.java:51)
	at jdk.proxy2/jdk.proxy2.$Proxy14.click(Unknown Source)
	at generic.UtilityMethods.clickAction(UtilityMethods.java:45)
	at pom_scripts.HomePage.clickReturnPolicyLink(HomePage.java:185)
	at test_Scripts.ReturnPolicyPageTest.returnPolicyPage(ReturnPolicyPageTest.java:27)
	at java.base/java.util.ArrayList.forEach(ArrayList.java:1511)
... Removed 45 stack frames</pre></div><a href='#' onClick='toggleBox("stack-trace432937399", this, "Click to show all stack frames", "Click to hide stack frames")'>Click to show all stack frames</a>
<div class='stack-trace' id='stack-trace432937399'><pre>org.openqa.selenium.ElementClickInterceptedException: element click intercepted: Element &lt;a href=&quot;/&quot;&gt;...&lt;/a&gt; is not clickable at point (571, 692). Other element would receive the click: &lt;div class=&quot;featuredProducts_cardContainer__oDZ50&quot;&gt;...&lt;/div&gt;
  (Session info: chrome=106.0.5249.103)
Build info: version: &apos;3.141.59&apos;, revision: &apos;e82be7d358&apos;, time: &apos;2018-11-14T08:17:03&apos;
System info: host: &apos;SAGARRAJ&apos;, ip: &apos;10.10.61.200&apos;, os.name: &apos;Windows 11&apos;, os.arch: &apos;amd64&apos;, os.version: &apos;10.0&apos;, java.version: &apos;17.0.2&apos;
Driver info: org.openqa.selenium.chrome.ChromeDriver
Capabilities {acceptInsecureCerts: false, browserName: chrome, browserVersion: 106.0.5249.103, chrome: {chromedriverVersion: 106.0.5249.61 (511755355844..., userDataDir: C:\Users\sagar\AppData\Loca...}, goog:chromeOptions: {debuggerAddress: localhost:63366}, javascriptEnabled: true, networkConnectionEnabled: false, pageLoadStrategy: normal, platform: WINDOWS, platformName: WINDOWS, proxy: Proxy(), setWindowRect: true, strictFileInteractability: false, timeouts: {implicit: 0, pageLoad: 300000, script: 30000}, unhandledPromptBehavior: dismiss and notify, webauthn:extension:credBlob: true, webauthn:extension:largeBlob: true, webauthn:virtualAuthenticators: true}
Session ID: c84faccc387c4cc26b47eac4e3e90b54
	at java.base/jdk.internal.reflect.NativeConstructorAccessorImpl.newInstance0(Native Method)
	at java.base/jdk.internal.reflect.NativeConstructorAccessorImpl.newInstance(NativeConstructorAccessorImpl.java:77)
	at java.base/jdk.internal.reflect.DelegatingConstructorAccessorImpl.newInstance(DelegatingConstructorAccessorImpl.java:45)
	at java.base/java.lang.reflect.Constructor.newInstanceWithCaller(Constructor.java:499)
	at java.base/java.lang.reflect.Constructor.newInstance(Constructor.java:480)
	at org.openqa.selenium.remote.http.W3CHttpResponseCodec.createException(W3CHttpResponseCodec.java:187)
	at org.openqa.selenium.remote.http.W3CHttpResponseCodec.decode(W3CHttpResponseCodec.java:122)
	at org.openqa.selenium.remote.http.W3CHttpResponseCodec.decode(W3CHttpResponseCodec.java:49)
	at org.openqa.selenium.remote.HttpCommandExecutor.execute(HttpCommandExecutor.java:158)
	at org.openqa.selenium.remote.service.DriverCommandExecutor.execute(DriverCommandExecutor.java:83)
	at org.openqa.selenium.remote.RemoteWebDriver.execute(RemoteWebDriver.java:552)
	at org.openqa.selenium.remote.RemoteWebElement.execute(RemoteWebElement.java:285)
	at org.openqa.selenium.remote.RemoteWebElement.click(RemoteWebElement.java:84)
	at jdk.internal.reflect.GeneratedMethodAccessor1.invoke(Unknown Source)
	at java.base/jdk.internal.reflect.DelegatingMethodAccessorImpl.invoke(DelegatingMethodAccessorImpl.java:43)
	at java.base/java.lang.reflect.Method.invoke(Method.java:568)
	at org.openqa.selenium.support.pagefactory.internal.LocatingElementHandler.invoke(LocatingElementHandler.java:51)
	at jdk.proxy2/jdk.proxy2.$Proxy14.click(Unknown Source)
	at generic.UtilityMethods.clickAction(UtilityMethods.java:45)
	at pom_scripts.HomePage.clickReturnPolicyLink(HomePage.java:185)
	at test_Scripts.ReturnPolicyPageTest.returnPolicyPage(ReturnPolicyPageTest.java:27)
	at java.base/jdk.internal.reflect.NativeMethodAccessorImpl.invoke0(Native Method)
	at java.base/jdk.internal.reflect.NativeMethodAccessorImpl.invoke(NativeMethodAccessorImpl.java:77)
	at java.base/jdk.internal.reflect.DelegatingMethodAccessorImpl.invoke(DelegatingMethodAccessorImpl.java:43)
	at java.base/java.lang.reflect.Method.invoke(Method.java:568)
	at org.testng.internal.MethodInvocationHelper.invokeMethod(MethodInvocationHelper.java:133)
	at org.testng.internal.TestInvoker.invokeMethod(TestInvoker.java:598)
	at org.testng.internal.TestInvoker.invokeTestMethod(TestInvoker.java:173)
	at org.testng.internal.MethodRunner.runInSequence(MethodRunner.java:46)
	at org.testng.internal.TestInvoker$MethodInvocationAgent.invoke(TestInvoker.java:824)
	at org.testng.internal.TestInvoker.invokeTestMethods(TestInvoker.java:146)
	at org.testng.internal.TestMethodWorker.invokeTestMethods(TestMethodWorker.java:146)
	at org.testng.internal.TestMethodWorker.run(TestMethodWorker.java:128)
	at java.base/java.util.ArrayList.forEach(ArrayList.java:1511)
	at org.testng.TestRunner.privateRun(TestRunner.java:794)
	at org.testng.TestRunner.run(TestRunner.java:596)
	at org.testng.SuiteRunner.runTest(SuiteRunner.java:377)
	at org.testng.SuiteRunner.runSequentially(SuiteRunner.java:371)
	at org.testng.SuiteRunner.privateRun(SuiteRunner.java:332)
	at org.testng.SuiteRunner.run(SuiteRunner.java:276)
	at org.testng.SuiteRunnerWorker.runSuite(SuiteRunnerWorker.java:53)
	at org.testng.SuiteRunnerWorker.run(SuiteRunnerWorker.java:96)
	at org.testng.TestNG.runSuitesSequentially(TestNG.java:1212)
	at org.testng.TestNG.runSuitesLocally(TestNG.java:1134)
	at org.testng.TestNG.runSuites(TestNG.java:1063)
	at org.testng.TestNG.run(TestNG.java:1031)
	at org.apache.maven.surefire.testng.TestNGExecutor.run(TestNGExecutor.java:77)
	at org.apache.maven.surefire.testng.TestNGDirectoryTestSuite.executeMulti(TestNGDirectoryTestSuite.java:159)
	at org.apache.maven.surefire.testng.TestNGDirectoryTestSuite.execute(TestNGDirectoryTestSuite.java:99)
	at org.apache.maven.surefire.testng.TestNGProvider.invoke(TestNGProvider.java:106)
	at java.base/jdk.internal.reflect.NativeMethodAccessorImpl.invoke0(Native Method)
	at java.base/jdk.internal.reflect.NativeMethodAccessorImpl.invoke(NativeMethodAccessorImpl.java:77)
	at java.base/jdk.internal.reflect.DelegatingMethodAccessorImpl.invoke(DelegatingMethodAccessorImpl.java:43)
	at java.base/java.lang.reflect.Method.invoke(Method.java:568)
	at org.apache.maven.surefire.util.ReflectionUtils.invokeMethodWithArray(ReflectionUtils.java:189)
	at org.apache.maven.surefire.booter.ProviderFactory$ProviderProxy.invoke(ProviderFactory.java:165)
	at org.apache.maven.surefire.booter.ProviderFactory.invokeProvider(ProviderFactory.java:85)
	at org.apache.maven.surefire.booter.ForkedBooter.runSuitesInProcess(ForkedBooter.java:115)
	at org.apache.maven.surefire.booter.ForkedBooter.main(ForkedBooter.java:75)
</pre></div></td>
<td>2</td>
<td>test_Scripts.ReturnPolicyPageTest@4de5031f</td></tr>
</table><p>
<table width='100%' border='1' class='invocation-passed'>
<tr><td colspan='4' align='center'><b>PASSED TESTS</b></td></tr>
<tr><td><b>Test method</b></td>
<td width="30%"><b>Exception</b></td>
<td width="10%"><b>Time (seconds)</b></td>
<td><b>Instance</b></td>
</tr>
<tr>
<td title='test_Scripts.ContactUsPageTest.contactUsPage()'><b>contactUsPage</b><br>Test class: test_Scripts.ContactUsPageTest<br>Parameters: rajsagar8050@gmail.com, nopassword</td>
<td></td>
<td>1</td>
<td>test_Scripts.ContactUsPageTest@2d2e5f00</td></tr>
<tr>
<td title='test_Scripts.KidsBoysJeansPageTest.boysJeans()'><b>boysJeans</b><br>Test class: test_Scripts.KidsBoysJeansPageTest<br>Parameters: rajsagar8050@gmail.com, nopassword</td>
<td></td>
<td>8</td>
<td>test_Scripts.KidsBoysJeansPageTest@157632c9</td></tr>
<tr>
<td title='test_Scripts.DeliveryCenterPageTest.deliveryCenterPage()'><b>deliveryCenterPage</b><br>Test class: test_Scripts.DeliveryCenterPageTest<br>Parameters: rajsagar8050@gmail.com, nopassword</td>
<td></td>
<td>1</td>
<td>test_Scripts.DeliveryCenterPageTest@4c40b76e</td></tr>
<tr>
<td title='test_Scripts.BeautyPageTest.beautyPage()'><b>beautyPage</b><br>Test class: test_Scripts.BeautyPageTest<br>Parameters: rajsagar8050@gmail.com, nopassword</td>
<td></td>
<td>1</td>
<td>test_Scripts.BeautyPageTest@145eaa29</td></tr>
<tr>
<td title='test_Scripts.CartIconTest.cartIcon()'><b>cartIcon</b><br>Test class: test_Scripts.CartIconTest<br>Parameters: rajsagar8050@gmail.com, nopassword</td>
<td></td>
<td>7</td>
<td>test_Scripts.CartIconTest@8b96fde</td></tr>
<tr>
<td title='test_Scripts.WishListTest.wishlistIcon()'><b>wishlistIcon</b><br>Test class: test_Scripts.WishListTest<br>Parameters: rajsagar8050@gmail.com, nopassword</td>
<td></td>
<td>7</td>
<td>test_Scripts.WishListTest@ca263c2</td></tr>
<tr>
<td title='test_Scripts.VoucherPageTest.voucherPage()'><b>voucherPage</b><br>Test class: test_Scripts.VoucherPageTest<br>Parameters: rajsagar8050@gmail.com, nopassword</td>
<td></td>
<td>1</td>
<td>test_Scripts.VoucherPageTest@4ae3c1cd</td></tr>
<tr>
<td title='test_Scripts.WomenPageTest.womenPage()'><b>womenPage</b><br>Test class: test_Scripts.WomenPageTest<br>Parameters: rajsagar8050@gmail.com, nopassword</td>
<td></td>
<td>1</td>
<td>test_Scripts.WomenPageTest@589b3632</td></tr>
<tr>
<td title='test_Scripts.SampleTest.sample()'><b>sample</b><br>Test class: test_Scripts.SampleTest</td>
<td></td>
<td>0</td>
<td>test_Scripts.SampleTest@67e2d983</td></tr>
<tr>
<td title='test_Scripts.GirlsJeansPageTest.boysTshirts()'><b>boysTshirts</b><br>Test class: test_Scripts.GirlsJeansPageTest<br>Parameters: rajsagar8050@gmail.com, nopassword</td>
<td></td>
<td>8</td>
<td>test_Scripts.GirlsJeansPageTest@667a738</td></tr>
<tr>
<td title='test_Scripts.AboutUsPageTest.aboutUsPage()'><b>aboutUsPage</b><br>Test class: test_Scripts.AboutUsPageTest<br>Parameters: rajsagar8050@gmail.com, nopassword</td>
<td></td>
<td>1</td>
<td>test_Scripts.AboutUsPageTest@4d826d77</td></tr>
<tr>
<td title='test_Scripts.BoysTrousersPageTest.boysTrousers()'><b>boysTrousers</b><br>Test class: test_Scripts.BoysTrousersPageTest<br>Parameters: rajsagar8050@gmail.com, nopassword</td>
<td></td>
<td>8</td>
<td>test_Scripts.BoysTrousersPageTest@15bb6bea</td></tr>
<tr>
<td title='test_Scripts.SearchTextFieldTest.searchTextField()'><b>searchTextField</b><br>Test class: test_Scripts.SearchTextFieldTest<br>Parameters: rajsagar8050@gmail.com, nopassword, fireboltt</td>
<td></td>
<td>8</td>
<td>test_Scripts.SearchTextFieldTest@5d47c63f</td></tr>
<tr>
<td title='test_Scripts.FeaturedProductsProductPageTest.featuredProductsProductPage()'><b>featuredProductsProductPage</b><br>Test class: test_Scripts.FeaturedProductsProductPageTest<br>Parameters: rajsagar8050@gmail.com, nopassword</td>
<td></td>
<td>1</td>
<td>test_Scripts.FeaturedProductsProductPageTest@57d5872c</td></tr>
<tr>
<td title='test_Scripts.LoginTest.login()'><b>login</b><br>Test class: test_Scripts.LoginTest<br>Parameters: rajsagar8050@gmail.com, nopassword</td>
<td></td>
<td>0</td>
<td>test_Scripts.LoginTest@400cff1a</td></tr>
<tr>
<td title='test_Scripts.KidsPageTest.kidsPage()'><b>kidsPage</b><br>Test class: test_Scripts.KidsPageTest<br>Parameters: rajsagar8050@gmail.com, nopassword</td>
<td></td>
<td>1</td>
<td>test_Scripts.KidsPageTest@64c87930</td></tr>
<tr>
<td title='test_Scripts.ShippingPageTest.paymentsPage()'><b>paymentsPage</b><br>Test class: test_Scripts.ShippingPageTest<br>Parameters: rajsagar8050@gmail.com, nopassword</td>
<td></td>
<td>1</td>
<td>test_Scripts.ShippingPageTest@5ea434c8</td></tr>
<tr>
<td title='test_Scripts.PaymentsPageTest.paymentsPage()'><b>paymentsPage</b><br>Test class: test_Scripts.PaymentsPageTest<br>Parameters: rajsagar8050@gmail.com, nopassword</td>
<td></td>
<td>1</td>
<td>test_Scripts.PaymentsPageTest@75f9eccc</td></tr>
<tr>
<td title='test_Scripts.KidsBoysShirtsPageTest.boysShirts()'><b>boysShirts</b><br>Test class: test_Scripts.KidsBoysShirtsPageTest<br>Parameters: rajsagar8050@gmail.com, nopassword</td>
<td></td>
<td>8</td>
<td>test_Scripts.KidsBoysShirtsPageTest@6ee12bac</td></tr>
<tr>
<td title='test_Scripts.AddToCartTest.adddToCart()'><b>adddToCart</b><br>Test class: test_Scripts.AddToCartTest<br>Parameters: rajsagar8050@gmail.com, nopassword</td>
<td></td>
<td>8</td>
<td>test_Scripts.AddToCartTest@6328d34a</td></tr>
<tr>
<td title='test_Scripts.LogoutTest.logoutIcon()'><b>logoutIcon</b><br>Test class: test_Scripts.LogoutTest<br>Parameters: rajsagar8050@gmail.com, nopassword</td>
<td></td>
<td>7</td>
<td>test_Scripts.LogoutTest@275710fc</td></tr>
<tr>
<td title='test_Scripts.WalletTest.walletIcon()'><b>walletIcon</b><br>Test class: test_Scripts.WalletTest<br>Parameters: rajsagar8050@gmail.com, nopassword</td>
<td></td>
<td>7</td>
<td>test_Scripts.WalletTest@29f69090</td></tr>
<tr>
<td title='test_Scripts.YourOrdersTest.yourOrdersIcon()'><b>yourOrdersIcon</b><br>Test class: test_Scripts.YourOrdersTest<br>Parameters: rajsagar8050@gmail.com, nopassword</td>
<td></td>
<td>7</td>
<td>test_Scripts.YourOrdersTest@45f45fa1</td></tr>
<tr>
<td title='test_Scripts.WishListIconTest.wishListIcon()'><b>wishListIcon</b><br>Test class: test_Scripts.WishListIconTest<br>Parameters: rajsagar8050@gmail.com, nopassword</td>
<td></td>
<td>1</td>
<td>test_Scripts.WishListIconTest@568bf312</td></tr>
<tr>
<td title='test_Scripts.GirlsTshirtsPageTest.girlsTshirts()'><b>girlsTshirts</b><br>Test class: test_Scripts.GirlsTshirtsPageTest<br>Parameters: rajsagar8050@gmail.com, nopassword</td>
<td></td>
<td>8</td>
<td>test_Scripts.GirlsTshirtsPageTest@36f0f1be</td></tr>
<tr>
<td title='test_Scripts.KidsBoysTshirtsPageTest.boysTshirts()'><b>boysTshirts</b><br>Test class: test_Scripts.KidsBoysTshirtsPageTest<br>Parameters: rajsagar8050@gmail.com, nopassword</td>
<td></td>
<td>8</td>
<td>test_Scripts.KidsBoysTshirtsPageTest@55040f2f</td></tr>
<tr>
<td title='test_Scripts.MenPageTest.menPage()'><b>menPage</b><br>Test class: test_Scripts.MenPageTest<br>Parameters: rajsagar8050@gmail.com, nopassword</td>
<td></td>
<td>2</td>
<td>test_Scripts.MenPageTest@525f1e4e</td></tr>
<tr>
<td title='test_Scripts.ElectronicPageTest.electronicPage()'><b>electronicPage</b><br>Test class: test_Scripts.ElectronicPageTest<br>Parameters: rajsagar8050@gmail.com, nopassword</td>
<td></td>
<td>1</td>
<td>test_Scripts.ElectronicPageTest@1e67a849</td></tr>
<tr>
<td title='test_Scripts.ProfileTest.profileIcon()'><b>profileIcon</b><br>Test class: test_Scripts.ProfileTest<br>Parameters: rajsagar8050@gmail.com, nopassword</td>
<td></td>
<td>7</td>
<td>test_Scripts.ProfileTest@52aa2946</td></tr>
</table><p>
<table width='100%' border='1' class='invocation-skipped'>
<tr><td colspan='4' align='center'><b>SKIPPED TESTS</b></td></tr>
<tr><td><b>Test method</b></td>
<td width="30%"><b>Exception</b></td>
<td width="10%"><b>Time (seconds)</b></td>
<td><b>Instance</b></td>
</tr>
<tr>
<td title='test_Scripts.TestScript1.testScript1()'><b>testScript1</b><br>Test class: test_Scripts.TestScript1</td>
<td><div><pre>java.lang.RuntimeException: java.lang.NullPointerException: Cannot invoke &quot;org.apache.poi.ss.usermodel.Sheet.getPhysicalNumberOfRows()&quot; because &quot;sheet&quot; is null
	at java.base/java.util.ArrayList.forEach(ArrayList.java:1511)
Caused by: java.lang.NullPointerException: Cannot invoke &quot;org.apache.poi.ss.usermodel.Sheet.getPhysicalNumberOfRows()&quot; because &quot;sheet&quot; is null
	at generic.ReadExcel.getMultipleData(ReadExcel.java:41)
	at test_Scripts.TestScript1.getTestData(TestScript1.java:32)
	... 35 more
... Removed 42 stack frames</pre></div><a href='#' onClick='toggleBox("stack-trace2031149831", this, "Click to show all stack frames", "Click to hide stack frames")'>Click to show all stack frames</a>
<div class='stack-trace' id='stack-trace2031149831'><pre>java.lang.RuntimeException: java.lang.NullPointerException: Cannot invoke &quot;org.apache.poi.ss.usermodel.Sheet.getPhysicalNumberOfRows()&quot; because &quot;sheet&quot; is null
	at org.testng.internal.MethodInvocationHelper.invokeMethodNoCheckedException(MethodInvocationHelper.java:50)
	at org.testng.internal.MethodInvocationHelper.invokeDataProvider(MethodInvocationHelper.java:146)
	at org.testng.internal.Parameters.handleParameters(Parameters.java:798)
	at org.testng.internal.Parameters.handleParameters(Parameters.java:740)
	at org.testng.internal.ParameterHandler.handleParameters(ParameterHandler.java:59)
	at org.testng.internal.ParameterHandler.createParameters(ParameterHandler.java:38)
	at org.testng.internal.TestInvoker$MethodInvocationAgent.invoke(TestInvoker.java:791)
	at org.testng.internal.TestInvoker.invokeTestMethods(TestInvoker.java:146)
	at org.testng.internal.TestMethodWorker.invokeTestMethods(TestMethodWorker.java:146)
	at org.testng.internal.TestMethodWorker.run(TestMethodWorker.java:128)
	at java.base/java.util.ArrayList.forEach(ArrayList.java:1511)
	at org.testng.TestRunner.privateRun(TestRunner.java:794)
	at org.testng.TestRunner.run(TestRunner.java:596)
	at org.testng.SuiteRunner.runTest(SuiteRunner.java:377)
	at org.testng.SuiteRunner.runSequentially(SuiteRunner.java:371)
	at org.testng.SuiteRunner.privateRun(SuiteRunner.java:332)
	at org.testng.SuiteRunner.run(SuiteRunner.java:276)
	at org.testng.SuiteRunnerWorker.runSuite(SuiteRunnerWorker.java:53)
	at org.testng.SuiteRunnerWorker.run(SuiteRunnerWorker.java:96)
	at org.testng.TestNG.runSuitesSequentially(TestNG.java:1212)
	at org.testng.TestNG.runSuitesLocally(TestNG.java:1134)
	at org.testng.TestNG.runSuites(TestNG.java:1063)
	at org.testng.TestNG.run(TestNG.java:1031)
	at org.apache.maven.surefire.testng.TestNGExecutor.run(TestNGExecutor.java:77)
	at org.apache.maven.surefire.testng.TestNGDirectoryTestSuite.executeMulti(TestNGDirectoryTestSuite.java:159)
	at org.apache.maven.surefire.testng.TestNGDirectoryTestSuite.execute(TestNGDirectoryTestSuite.java:99)
	at org.apache.maven.surefire.testng.TestNGProvider.invoke(TestNGProvider.java:106)
	at java.base/jdk.internal.reflect.NativeMethodAccessorImpl.invoke0(Native Method)
	at java.base/jdk.internal.reflect.NativeMethodAccessorImpl.invoke(NativeMethodAccessorImpl.java:77)
	at java.base/jdk.internal.reflect.DelegatingMethodAccessorImpl.invoke(DelegatingMethodAccessorImpl.java:43)
	at java.base/java.lang.reflect.Method.invoke(Method.java:568)
	at org.apache.maven.surefire.util.ReflectionUtils.invokeMethodWithArray(ReflectionUtils.java:189)
	at org.apache.maven.surefire.booter.ProviderFactory$ProviderProxy.invoke(ProviderFactory.java:165)
	at org.apache.maven.surefire.booter.ProviderFactory.invokeProvider(ProviderFactory.java:85)
	at org.apache.maven.surefire.booter.ForkedBooter.runSuitesInProcess(ForkedBooter.java:115)
	at org.apache.maven.surefire.booter.ForkedBooter.main(ForkedBooter.java:75)
Caused by: java.lang.NullPointerException: Cannot invoke &quot;org.apache.poi.ss.usermodel.Sheet.getPhysicalNumberOfRows()&quot; because &quot;sheet&quot; is null
	at generic.ReadExcel.getMultipleData(ReadExcel.java:41)
	at test_Scripts.TestScript1.getTestData(TestScript1.java:32)
	at java.base/jdk.internal.reflect.NativeMethodAccessorImpl.invoke0(Native Method)
	at java.base/jdk.internal.reflect.NativeMethodAccessorImpl.invoke(NativeMethodAccessorImpl.java:77)
	at java.base/jdk.internal.reflect.DelegatingMethodAccessorImpl.invoke(DelegatingMethodAccessorImpl.java:43)
	at java.base/java.lang.reflect.Method.invoke(Method.java:568)
	at org.testng.internal.MethodInvocationHelper.invokeMethod(MethodInvocationHelper.java:133)
	at org.testng.internal.MethodInvocationHelper.invokeMethod(MethodInvocationHelper.java:77)
	at org.testng.internal.MethodInvocationHelper.invokeMethodNoCheckedException(MethodInvocationHelper.java:46)
	... 35 more
</pre></div></td>
<td>0</td>
<td>test_Scripts.TestScript1@3bbc39f8</td></tr>
</table><p>
</body>
</html>